2022-11-02 14:09:36.550  INFO 12720 --- [restartedMain] com.shem.demo.DemoApplication            : Starting DemoApplication using Java 17.0.4.1 on DESKTOP-SGQP2J6 with PID 12720 (C:\Users\SHEM-ICTO\Desktop\dev\demo\demo\target\classes started by SHEM-ICTO in C:\Users\SHEM-ICTO\Desktop\dev\demo\demo)
2022-11-02 14:09:36.552  INFO 12720 --- [restartedMain] com.shem.demo.DemoApplication            : No active profile set, falling back to 1 default profile: "default"
2022-11-02 14:09:36.606  INFO 12720 --- [restartedMain] .e.DevToolsPropertyDefaultsPostProcessor : Devtools property defaults active! Set 'spring.devtools.add-properties' to 'false' to disable
2022-11-02 14:09:36.607  INFO 12720 --- [restartedMain] .e.DevToolsPropertyDefaultsPostProcessor : For additional web related logging consider setting the 'logging.level.web' property to 'DEBUG'
2022-11-02 14:09:37.243  INFO 12720 --- [restartedMain] .s.d.r.c.RepositoryConfigurationDelegate : Bootstrapping Spring Data JPA repositories in DEFAULT mode.
2022-11-02 14:09:37.258  INFO 12720 --- [restartedMain] .s.d.r.c.RepositoryConfigurationDelegate : Finished Spring Data repository scanning in 5 ms. Found 0 JPA repository interfaces.
2022-11-02 14:09:37.932  INFO 12720 --- [restartedMain] o.s.b.w.embedded.tomcat.TomcatWebServer  : Tomcat initialized with port(s): 8080 (http)
2022-11-02 14:09:37.938  INFO 12720 --- [restartedMain] o.apache.catalina.core.StandardService   : Starting service [Tomcat]
2022-11-02 14:09:37.938  INFO 12720 --- [restartedMain] org.apache.catalina.core.StandardEngine  : Starting Servlet engine: [Apache Tomcat/9.0.68]
2022-11-02 14:09:38.016  INFO 12720 --- [restartedMain] o.a.c.c.C.[Tomcat].[localhost].[/]       : Initializing Spring embedded WebApplicationContext
2022-11-02 14:09:38.016  INFO 12720 --- [restartedMain] w.s.c.ServletWebServerApplicationContext : Root WebApplicationContext: initialization completed in 1408 ms
2022-11-02 14:09:38.188  INFO 12720 --- [restartedMain] o.hibernate.jpa.internal.util.LogHelper  : HHH000204: Processing PersistenceUnitInfo [name: default]
2022-11-02 14:09:38.238  INFO 12720 --- [restartedMain] org.hibernate.Version                    : HHH000412: Hibernate ORM core version 5.6.12.Final
2022-11-02 14:09:38.409  INFO 12720 --- [restartedMain] o.hibernate.annotations.common.Version   : HCANN000001: Hibernate Commons Annotations {5.1.2.Final}
2022-11-02 14:09:38.515  INFO 12720 --- [restartedMain] com.zaxxer.hikari.HikariDataSource       : HikariPool-1 - Starting...
2022-11-02 14:09:38.682  INFO 12720 --- [restartedMain] com.zaxxer.hikari.HikariDataSource       : HikariPool-1 - Start completed.
2022-11-02 14:09:38.701  INFO 12720 --- [restartedMain] org.hibernate.dialect.Dialect            : HHH000400: Using dialect: org.hibernate.dialect.PostgreSQL81Dialect
2022-11-02 14:09:38.927  INFO 12720 --- [restartedMain] o.h.e.t.j.p.i.JtaPlatformInitiator       : HHH000490: Using JtaPlatform implementation: [org.hibernate.engine.transaction.jta.platform.internal.NoJtaPlatform]
2022-11-02 14:09:38.940  INFO 12720 --- [restartedMain] j.LocalContainerEntityManagerFactoryBean : Initialized JPA EntityManagerFactory for persistence unit 'default'
2022-11-02 14:09:39.006  WARN 12720 --- [restartedMain] JpaBaseConfiguration$JpaWebConfiguration : spring.jpa.open-in-view is enabled by default. Therefore, database queries may be performed during view rendering. Explicitly configure spring.jpa.open-in-view to disable this warning
2022-11-02 14:09:39.495  INFO 12720 --- [restartedMain] o.s.b.d.a.OptionalLiveReloadServer       : LiveReload server is running on port 35729
2022-11-02 14:09:39.581  INFO 12720 --- [restartedMain] o.s.b.w.embedded.tomcat.TomcatWebServer  : Tomcat started on port(s): 8080 (http) with context path ''
2022-11-02 14:09:39.593  INFO 12720 --- [restartedMain] com.shem.demo.DemoApplication            : Started DemoApplication in 3.4 seconds (JVM running for 4.193)
2022-11-02 14:09:39.596  INFO 12720 --- [restartedMain] com.shem.demo.DemoApplication            : Info level log message
2022-11-02 14:09:39.597 ERROR 12720 --- [restartedMain] com.shem.demo.DemoApplication            : Error level log message
